{"D:\\Study\\HireFlow\\api\\src\\app.ts": {"path":"D:\\Study\\HireFlow\\api\\src\\app.ts","statementMap":{"0":{"start":{"line":3,"column":9},"end":{"line":3,"column":21}},"1":{"start":{"line":5,"column":0},"end":{"line":5,"column":null}},"2":{"start":{"line":7,"column":0},"end":{"line":11,"column":null}},"3":{"start":{"line":8,"column":2},"end":{"line":10,"column":null}},"4":{"start":{"line":3,"column":6},"end":{"line":3,"column":null}}},"fnMap":{"0":{"name":"(anonymous_0)","decl":{"start":{"line":7,"column":19},"end":{"line":7,"column":20}},"loc":{"start":{"line":7,"column":30},"end":{"line":11,"column":1}},"line":7},"1":{"name":"(anonymous_0)","decl":{"start":{"line":7,"column":8},"end":{"line":7,"column":20}},"loc":{"start":{"line":7,"column":31},"end":{"line":11,"column":1}},"line":7}},"branchMap":{},"s":{"0":2,"1":2,"2":2,"3":2,"4":1},"f":{"0":1,"1":2},"b":{},"meta":{"lastBranch":0,"lastFunction":1,"lastStatement":4,"seen":{"s:3:9:3:21":0,"s:5:0:5:Infinity":1,"s:7:0:11:Infinity":2,"f:7:19:7:20":0,"s:8:2:10:Infinity":3}}}
}
